[103811.703] (--) Log file renamed from "/home/victor/.local/share/xorg/Xorg.pid-35543.log" to "/home/victor/.local/share/xorg/Xorg.0.log"
[103811.705] 
X.Org X Server 1.20.5
X Protocol Version 11, Revision 0
[103811.705] Build Operating System: Linux 4.4.0-170-generic x86_64 Ubuntu
[103811.705] Current Operating System: Linux ubuntu 5.3.0-28-generic #30~18.04.1-Ubuntu SMP Fri Jan 17 06:14:09 UTC 2020 x86_64
[103811.705] Kernel command line: BOOT_IMAGE=/boot/vmlinuz-5.3.0-28-generic root=UUID=9d418a0e-47b9-441f-9068-8734f9cf48cf ro find_preseed=/preseed.cfg auto noprompt priority=critical locale=en_US quiet
[103811.705] Build Date: 18 December 2019  08:15:29AM
[103811.705] xorg-server-hwe-18.04 2:1.20.5+git20191008-0ubuntu1~18.04.1 (For technical support please see http://www.ubuntu.com/support) 
[103811.705] Current version of pixman: 0.34.0
[103811.705] 	Before reporting problems, check http://wiki.x.org
	to make sure that you have the latest version.
[103811.705] Markers: (--) probed, (**) from config file, (==) default setting,
	(++) from command line, (!!) notice, (II) informational,
	(WW) warning, (EE) error, (NI) not implemented, (??) unknown.
[103811.705] (==) Log file: "/home/victor/.local/share/xorg/Xorg.0.log", Time: Fri Apr 17 13:13:11 2020
[103811.708] (==) Using system config directory "/usr/share/X11/xorg.conf.d"
[103811.710] (==) No Layout section.  Using the first Screen section.
[103811.710] (==) No screen section available. Using defaults.
[103811.710] (**) |-->Screen "Default Screen Section" (0)
[103811.710] (**) |   |-->Monitor "<default monitor>"
[103811.710] (==) No monitor specified for screen "Default Screen Section".
	Using a default monitor configuration.
[103811.710] (==) Automatically adding devices
[103811.710] (==) Automatically enabling devices
[103811.710] (==) Automatically adding GPU devices
[103811.710] (==) Automatically binding GPU devices
[103811.710] (==) Max clients allowed: 256, resource mask: 0x1fffff
[103811.711] (WW) The directory "/usr/share/fonts/X11/cyrillic" does not exist.
[103811.711] 	Entry deleted from font path.
[103811.711] (WW) The directory "/usr/share/fonts/X11/100dpi/" does not exist.
[103811.712] 	Entry deleted from font path.
[103811.712] (WW) The directory "/usr/share/fonts/X11/75dpi/" does not exist.
[103811.712] 	Entry deleted from font path.
[103811.713] (WW) The directory "/usr/share/fonts/X11/100dpi" does not exist.
[103811.713] 	Entry deleted from font path.
[103811.713] (WW) The directory "/usr/share/fonts/X11/75dpi" does not exist.
[103811.713] 	Entry deleted from font path.
[103811.713] (==) FontPath set to:
	/usr/share/fonts/X11/misc,
	/usr/share/fonts/X11/Type1,
	built-ins
[103811.713] (==) ModulePath set to "/usr/lib/xorg/modules"
[103811.713] (II) The server relies on udev to provide the list of input devices.
	If no devices become available, reconfigure udev or disable AutoAddDevices.
[103811.713] (II) Loader magic: 0x564b0f422020
[103811.713] (II) Module ABI versions:
[103811.713] 	X.Org ANSI C Emulation: 0.4
[103811.713] 	X.Org Video Driver: 24.0
[103811.714] 	X.Org XInput driver : 24.1
[103811.714] 	X.Org Server Extension : 10.0
[103811.715] (++) using VT number 2

[103811.720] (II) systemd-logind: took control of session /org/freedesktop/login1/session/_344
[103811.723] (II) xfree86: Adding drm device (/dev/dri/card0)
[103811.724] (II) systemd-logind: got fd for /dev/dri/card0 226:0 fd 12 paused 0
[103811.754] (--) PCI:*(0@0:15:0) 15ad:0405:15ad:0405 rev 0, Mem @ 0xe8000000/134217728, 0xfe000000/8388608, I/O @ 0x00001070/16, BIOS @ 0x????????/131072
[103811.754] (II) LoadModule: "glx"
[103811.755] (II) Loading /usr/lib/xorg/modules/extensions/libglx.so
[103811.784] (II) Module glx: vendor="X.Org Foundation"
[103811.784] 	compiled for 1.20.5, module version = 1.0.0
[103811.784] 	ABI class: X.Org Server Extension, version 10.0
[103811.785] (==) Matched vmware as autoconfigured driver 0
[103811.785] (==) Matched modesetting as autoconfigured driver 1
[103811.785] (==) Matched fbdev as autoconfigured driver 2
[103811.785] (==) Matched vesa as autoconfigured driver 3
[103811.785] (==) Assigned the driver to the xf86ConfigLayout
[103811.785] (II) LoadModule: "vmware"
[103811.785] (II) Loading /usr/lib/xorg/modules/drivers/vmware_drv.so
[103812.058] (II) Module vmware: vendor="X.Org Foundation"
[103812.058] 	compiled for 1.20.1, module version = 13.3.0
[103812.058] 	Module class: X.Org Video Driver
[103812.058] 	ABI class: X.Org Video Driver, version 24.0
[103812.058] (II) LoadModule: "modesetting"
[103812.059] (II) Loading /usr/lib/xorg/modules/drivers/modesetting_drv.so
[103812.060] (II) Module modesetting: vendor="X.Org Foundation"
[103812.060] 	compiled for 1.20.5, module version = 1.20.5
[103812.060] 	Module class: X.Org Video Driver
[103812.060] 	ABI class: X.Org Video Driver, version 24.0
[103812.060] (II) LoadModule: "fbdev"
[103812.060] (II) Loading /usr/lib/xorg/modules/drivers/fbdev_drv.so
[103812.061] (II) Module fbdev: vendor="X.Org Foundation"
[103812.061] 	compiled for 1.20.1, module version = 0.5.0
[103812.061] 	Module class: X.Org Video Driver
[103812.061] 	ABI class: X.Org Video Driver, version 24.0
[103812.061] (II) LoadModule: "vesa"
[103812.061] (II) Loading /usr/lib/xorg/modules/drivers/vesa_drv.so
[103812.062] (II) Module vesa: vendor="X.Org Foundation"
[103812.062] 	compiled for 1.20.1, module version = 2.4.0
[103812.062] 	Module class: X.Org Video Driver
[103812.062] 	ABI class: X.Org Video Driver, version 24.0
[103812.062] (II) vmware: driver for VMware SVGA: vmware0405, vmware0710
[103812.062] (II) modesetting: Driver for Modesetting Kernel Drivers: kms
[103812.062] (II) FBDEV: driver for framebuffer: fbdev
[103812.062] (II) VESA: driver for VESA chipsets: vesa
[103812.062] xf86EnableIOPorts: failed to set IOPL for I/O (Operation not permitted)
[103812.062] (WW) Falling back to old probe method for modesetting
[103812.062] (WW) Falling back to old probe method for fbdev
[103812.062] (II) Loading sub module "fbdevhw"
[103812.062] (II) LoadModule: "fbdevhw"
[103812.062] (II) Loading /usr/lib/xorg/modules/libfbdevhw.so
[103812.063] (II) Module fbdevhw: vendor="X.Org Foundation"
[103812.063] 	compiled for 1.20.5, module version = 0.0.2
[103812.063] 	ABI class: X.Org Video Driver, version 24.0
[103812.063] (EE) open /dev/fb0: Permission denied
[103812.063] (WW) VGA arbiter: cannot open kernel arbiter, no multi-card support
[103812.063] (II) vmware(0): Creating default Display subsection in Screen section
	"Default Screen Section" for depth/fbbpp 24/32
[103812.063] (--) vmware(0): DRM driver version is 2.15.0
[103812.063] (==) vmware(0): Depth 24, (--) framebuffer bpp 32
[103812.063] (==) vmware(0): RGB weight 888
[103812.063] (==) vmware(0): Default visual is TrueColor
[103812.063] (--) vmware(0): Min width 1, Max Width 8192.
[103812.063] (--) vmware(0): Min height 1, Max Height 8192.
[103812.063] (II) vmware(0): Output Virtual1 has no monitor section
[103812.063] (II) vmware(0): Output Virtual2 has no monitor section
[103812.063] (II) vmware(0): Output Virtual3 has no monitor section
[103812.063] (II) vmware(0): Output Virtual4 has no monitor section
[103812.063] (II) vmware(0): Output Virtual5 has no monitor section
[103812.064] (II) vmware(0): Output Virtual6 has no monitor section
[103812.064] (II) vmware(0): Output Virtual7 has no monitor section
[103812.064] (II) vmware(0): Output Virtual8 has no monitor section
[103812.064] (II) vmware(0): Printing probed modes for output Virtual1
[103812.064] (II) vmware(0): Modeline "1666x891"x60.0  113.42  1666 1716 1766 1816  891 941 991 1041 -hsync +vsync (62.5 kHz eP)
[103812.064] (II) vmware(0): Modeline "2560x1600"x60.0  348.50  2560 2752 3032 3504  1600 1603 1609 1658 -hsync +vsync (99.5 kHz e)
[103812.064] (II) vmware(0): Modeline "1920x1440"x60.0  234.00  1920 2048 2256 2600  1440 1441 1444 1500 -hsync +vsync (90.0 kHz e)
[103812.064] (II) vmware(0): Modeline "1856x1392"x60.0  218.25  1856 1952 2176 2528  1392 1393 1396 1439 -hsync +vsync (86.3 kHz e)
[103812.064] (II) vmware(0): Modeline "1792x1344"x60.0  204.75  1792 1920 2120 2448  1344 1345 1348 1394 -hsync +vsync (83.6 kHz e)
[103812.064] (II) vmware(0): Modeline "1920x1200"x59.9  193.25  1920 2056 2256 2592  1200 1203 1209 1245 -hsync +vsync (74.6 kHz e)
[103812.064] (II) vmware(0): Modeline "1600x1200"x60.0  162.00  1600 1664 1856 2160  1200 1201 1204 1250 +hsync +vsync (75.0 kHz e)
[103812.064] (II) vmware(0): Modeline "1680x1050"x60.0  146.25  1680 1784 1960 2240  1050 1053 1059 1089 -hsync +vsync (65.3 kHz e)
[103812.064] (II) vmware(0): Modeline "1400x1050"x60.0  121.75  1400 1488 1632 1864  1050 1053 1057 1089 -hsync +vsync (65.3 kHz e)
[103812.064] (II) vmware(0): Modeline "1280x1024"x60.0  108.00  1280 1328 1440 1688  1024 1025 1028 1066 +hsync +vsync (64.0 kHz e)
[103812.064] (II) vmware(0): Modeline "1440x900"x59.9  106.50  1440 1520 1672 1904  900 903 909 934 -hsync +vsync (55.9 kHz e)
[103812.064] (II) vmware(0): Modeline "1280x960"x60.0  108.00  1280 1376 1488 1800  960 961 964 1000 +hsync +vsync (60.0 kHz e)
[103812.064] (II) vmware(0): Modeline "1360x768"x60.0   85.50  1360 1424 1536 1792  768 771 777 795 +hsync +vsync (47.7 kHz e)
[103812.064] (II) vmware(0): Modeline "1280x800"x59.8   83.50  1280 1352 1480 1680  800 803 809 831 +hsync -vsync (49.7 kHz e)
[103812.064] (II) vmware(0): Modeline "1152x864"x75.0  108.00  1152 1216 1344 1600  864 865 868 900 +hsync +vsync (67.5 kHz e)
[103812.064] (II) vmware(0): Modeline "1280x768"x59.9   79.50  1280 1344 1472 1664  768 771 778 798 -hsync +vsync (47.8 kHz e)
[103812.064] (II) vmware(0): Modeline "1024x768"x60.0   65.00  1024 1048 1184 1344  768 771 777 806 -hsync -vsync (48.4 kHz e)
[103812.064] (II) vmware(0): Modeline "800x600"x60.3   40.00  800 840 968 1056  600 601 605 628 +hsync +vsync (37.9 kHz e)
[103812.064] (II) vmware(0): Modeline "640x480"x59.9   25.18  640 656 752 800  480 489 492 525 -hsync -vsync (31.5 kHz e)
[103812.064] (II) vmware(0): EDID for output Virtual2
[103812.064] (II) vmware(0): EDID for output Virtual3
[103812.064] (II) vmware(0): EDID for output Virtual4
[103812.064] (II) vmware(0): EDID for output Virtual5
[103812.064] (II) vmware(0): EDID for output Virtual6
[103812.064] (II) vmware(0): EDID for output Virtual7
[103812.064] (II) vmware(0): EDID for output Virtual8
[103812.064] (II) vmware(0): Output Virtual1 connected
[103812.064] (II) vmware(0): Output Virtual2 disconnected
[103812.064] (II) vmware(0): Output Virtual3 disconnected
[103812.064] (II) vmware(0): Output Virtual4 disconnected
[103812.064] (II) vmware(0): Output Virtual5 disconnected
[103812.064] (II) vmware(0): Output Virtual6 disconnected
[103812.064] (II) vmware(0): Output Virtual7 disconnected
[103812.064] (II) vmware(0): Output Virtual8 disconnected
[103812.064] (II) vmware(0): Using exact sizes for initial modes
[103812.064] (II) vmware(0): Output Virtual1 using initial mode 1666x891 +0+0
[103812.064] (==) vmware(0): DPI set to (96, 96)
[103812.064] (==) vmware(0): Using gamma correction (1.0, 1.0, 1.0)
[103812.064] (II) Loading sub module "fb"
[103812.064] (II) LoadModule: "fb"
[103812.064] (II) Loading /usr/lib/xorg/modules/libfb.so
[103812.065] (II) Module fb: vendor="X.Org Foundation"
[103812.065] 	compiled for 1.20.5, module version = 1.0.0
[103812.065] 	ABI class: X.Org ANSI C Emulation, version 0.4
[103812.065] (II) Loading sub module "dri2"
[103812.065] (II) LoadModule: "dri2"
[103812.065] (II) Module "dri2" already built-in
[103812.065] (II) Loading sub module "dri3"
[103812.065] (II) LoadModule: "dri3"
[103812.065] (II) Module "dri3" already built-in
[103812.065] (II) UnloadModule: "modesetting"
[103812.065] (II) Unloading modesetting
[103812.065] (II) UnloadModule: "fbdev"
[103812.065] (II) Unloading fbdev
[103812.065] (II) UnloadSubModule: "fbdevhw"
[103812.065] (II) Unloading fbdevhw
[103812.065] (II) UnloadModule: "vesa"
[103812.065] (II) Unloading vesa
[103812.065] (II) vmware(0): Initialized VMWARE_CTRL extension version 0.2
[103812.102] (II) vmware(0): Gallium3D XA version: 2.5.0.
[103812.102] (II) vmware(0): Path of drm device is "/dev/dri/card0".
[103812.103] (II) vmware(0): [DRI2] Setup complete
[103812.103] (II) vmware(0): [DRI2]   DRI driver: vmwgfx
[103812.814] (--) vmware(0): Render acceleration is enabled.
[103812.814] (==) vmware(0): Rendercheck mode is disabled.
[103812.814] (--) vmware(0): Direct rendering (DRI2 3D) is enabled.
[103812.814] (--) vmware(0): Direct rendering (DRI3 3D) is enabled.
[103812.814] (==) vmware(0): Direct presents are disabled.
[103812.814] (==) vmware(0): Hardware only presents are automatic per scanout.
[103812.814] (==) vmware(0): Backing store enabled
[103812.814] (==) vmware(0): Silken mouse enabled
[103812.819] (==) vmware(0): DPMS enabled
[103812.819] (II) Initializing extension Generic Event Extension
[103812.819] (II) Initializing extension SHAPE
[103812.819] (II) Initializing extension MIT-SHM
[103812.819] (II) Initializing extension XInputExtension
[103812.821] (II) Initializing extension XTEST
[103812.821] (II) Initializing extension BIG-REQUESTS
[103812.821] (II) Initializing extension SYNC
[103812.821] (II) Initializing extension XKEYBOARD
[103812.821] (II) Initializing extension XC-MISC
[103812.821] (II) Initializing extension SECURITY
[103812.821] (II) Initializing extension XFIXES
[103812.822] (II) Initializing extension RENDER
[103812.822] (II) Initializing extension RANDR
[103812.822] (II) Initializing extension COMPOSITE
[103812.822] (II) Initializing extension DAMAGE
[103812.822] (II) Initializing extension MIT-SCREEN-SAVER
[103812.822] (II) Initializing extension DOUBLE-BUFFER
[103812.822] (II) Initializing extension RECORD
[103812.822] (II) Initializing extension DPMS
[103812.823] (II) Initializing extension Present
[103812.823] (II) Initializing extension DRI3
[103812.823] (II) Initializing extension X-Resource
[103812.823] (II) Initializing extension XVideo
[103812.823] (II) Initializing extension XVideo-MotionCompensation
[103812.823] (II) Initializing extension SELinux
[103812.823] (II) SELinux: Disabled on system
[103812.823] (II) Initializing extension GLX
[103812.852] (II) AIGLX: Loaded and initialized vmwgfx
[103812.852] (II) GLX: Initialized DRI2 GL provider for screen 0
[103812.852] (II) Initializing extension XFree86-VidModeExtension
[103812.852] (II) Initializing extension XFree86-DGA
[103812.853] (II) Initializing extension XFree86-DRI
[103812.853] (II) Initializing extension DRI2
[103812.910] (II) vmware(0): Setting screen physical size to 440 x 235
[103813.122] (II) config/udev: Adding input device Power Button (/dev/input/event0)
[103813.122] (**) Power Button: Applying InputClass "libinput keyboard catchall"
[103813.122] (II) LoadModule: "libinput"
[103813.122] (II) Loading /usr/lib/xorg/modules/input/libinput_drv.so
[103813.125] (II) Module libinput: vendor="X.Org Foundation"
[103813.125] 	compiled for 1.20.1, module version = 0.28.1
[103813.125] 	Module class: X.Org XInput Driver
[103813.125] 	ABI class: X.Org XInput driver, version 24.1
[103813.125] (II) Using input driver 'libinput' for 'Power Button'
[103813.127] (II) systemd-logind: got fd for /dev/input/event0 13:64 fd 24 paused 0
[103813.127] (**) Power Button: always reports core events
[103813.127] (**) Option "Device" "/dev/input/event0"
[103813.127] (**) Option "_source" "server/udev"
[103813.127] (II) event0  - Power Button: is tagged by udev as: Keyboard
[103813.127] (II) event0  - Power Button: device is a keyboard
[103813.127] (II) event0  - Power Button: device removed
[103813.128] (**) Option "config_info" "udev:/sys/devices/LNXSYSTM:00/LNXPWRBN:00/input/input0/event0"
[103813.128] (II) XINPUT: Adding extended input device "Power Button" (type: KEYBOARD, id 6)
[103813.128] (**) Option "xkb_model" "SKIP"
[103813.128] (**) Option "xkb_layout" "us"
[103813.171] (II) event0  - Power Button: is tagged by udev as: Keyboard
[103813.171] (II) event0  - Power Button: device is a keyboard
[103813.173] (II) config/udev: Adding input device VMware VMware Virtual USB Mouse (/dev/input/event4)
[103813.173] (**) VMware VMware Virtual USB Mouse: Applying InputClass "libinput pointer catchall"
[103813.173] (II) Using input driver 'libinput' for 'VMware VMware Virtual USB Mouse'
[103813.235] (II) systemd-logind: got fd for /dev/input/event4 13:68 fd 27 paused 0
[103813.235] (**) VMware VMware Virtual USB Mouse: always reports core events
[103813.235] (**) Option "Device" "/dev/input/event4"
[103813.235] (**) Option "_source" "server/udev"
[103813.236] (II) event4  - VMware VMware Virtual USB Mouse: is tagged by udev as: Mouse
[103813.236] (II) event4  - VMware VMware Virtual USB Mouse: device is a pointer
[103813.236] (II) event4  - VMware VMware Virtual USB Mouse: device removed
[103813.236] (**) Option "config_info" "udev:/sys/devices/pci0000:00/0000:00:11.0/0000:02:00.0/usb2/2-1/2-1:1.0/0003:0E0F:0003.0001/input/input5/event4"
[103813.236] (II) XINPUT: Adding extended input device "VMware VMware Virtual USB Mouse" (type: MOUSE, id 7)
[103813.236] (**) Option "AccelerationScheme" "none"
[103813.236] (**) VMware VMware Virtual USB Mouse: (accel) selected scheme none/0
[103813.236] (**) VMware VMware Virtual USB Mouse: (accel) acceleration factor: 2.000
[103813.236] (**) VMware VMware Virtual USB Mouse: (accel) acceleration threshold: 4
[103813.237] (II) event4  - VMware VMware Virtual USB Mouse: is tagged by udev as: Mouse
[103813.237] (II) event4  - VMware VMware Virtual USB Mouse: device is a pointer
[103813.237] (II) config/udev: Adding input device VMware VMware Virtual USB Mouse (/dev/input/mouse2)
[103813.237] (II) No input driver specified, ignoring this device.
[103813.237] (II) This device may have been added with another device file.
[103813.238] (II) config/udev: Adding input device AT Translated Set 2 keyboard (/dev/input/event1)
[103813.238] (**) AT Translated Set 2 keyboard: Applying InputClass "libinput keyboard catchall"
[103813.238] (II) Using input driver 'libinput' for 'AT Translated Set 2 keyboard'
[103813.246] (II) systemd-logind: got fd for /dev/input/event1 13:65 fd 28 paused 0
[103813.246] (**) AT Translated Set 2 keyboard: always reports core events
[103813.246] (**) Option "Device" "/dev/input/event1"
[103813.246] (**) Option "_source" "server/udev"
[103813.246] (II) event1  - AT Translated Set 2 keyboard: is tagged by udev as: Keyboard
[103813.246] (II) event1  - AT Translated Set 2 keyboard: device is a keyboard
[103813.246] (II) event1  - AT Translated Set 2 keyboard: device removed
[103813.247] (**) Option "config_info" "udev:/sys/devices/platform/i8042/serio0/input/input1/event1"
[103813.247] (II) XINPUT: Adding extended input device "AT Translated Set 2 keyboard" (type: KEYBOARD, id 8)
[103813.247] (**) Option "xkb_model" "SKIP"
[103813.247] (**) Option "xkb_layout" "us"
[103813.247] (II) event1  - AT Translated Set 2 keyboard: is tagged by udev as: Keyboard
[103813.247] (II) event1  - AT Translated Set 2 keyboard: device is a keyboard
[103813.248] (II) config/udev: Adding input device VirtualPS/2 VMware VMMouse (/dev/input/event3)
[103813.248] (**) VirtualPS/2 VMware VMMouse: Applying InputClass "libinput pointer catchall"
[103813.248] (II) Using input driver 'libinput' for 'VirtualPS/2 VMware VMMouse'
[103813.255] (II) systemd-logind: got fd for /dev/input/event3 13:67 fd 29 paused 0
[103813.255] (**) VirtualPS/2 VMware VMMouse: always reports core events
[103813.255] (**) Option "Device" "/dev/input/event3"
[103813.255] (**) Option "_source" "server/udev"
[103813.256] (II) event3  - VirtualPS/2 VMware VMMouse: is tagged by udev as: Mouse
[103813.256] (II) event3  - VirtualPS/2 VMware VMMouse: device is a pointer
[103813.256] (II) event3  - VirtualPS/2 VMware VMMouse: device removed
[103813.256] (**) Option "config_info" "udev:/sys/devices/platform/i8042/serio1/input/input3/event3"
[103813.256] (II) XINPUT: Adding extended input device "VirtualPS/2 VMware VMMouse" (type: MOUSE, id 9)
[103813.256] (**) Option "AccelerationScheme" "none"
[103813.256] (**) VirtualPS/2 VMware VMMouse: (accel) selected scheme none/0
[103813.256] (**) VirtualPS/2 VMware VMMouse: (accel) acceleration factor: 2.000
[103813.256] (**) VirtualPS/2 VMware VMMouse: (accel) acceleration threshold: 4
[103813.256] (II) event3  - VirtualPS/2 VMware VMMouse: is tagged by udev as: Mouse
[103813.256] (II) event3  - VirtualPS/2 VMware VMMouse: device is a pointer
[103813.257] (II) config/udev: Adding input device VirtualPS/2 VMware VMMouse (/dev/input/mouse1)
[103813.257] (II) No input driver specified, ignoring this device.
[103813.257] (II) This device may have been added with another device file.
[103813.257] (II) config/udev: Adding input device VirtualPS/2 VMware VMMouse (/dev/input/event2)
[103813.257] (**) VirtualPS/2 VMware VMMouse: Applying InputClass "libinput pointer catchall"
[103813.257] (II) Using input driver 'libinput' for 'VirtualPS/2 VMware VMMouse'
[103813.264] (II) systemd-logind: got fd for /dev/input/event2 13:66 fd 30 paused 0
[103813.265] (**) VirtualPS/2 VMware VMMouse: always reports core events
[103813.265] (**) Option "Device" "/dev/input/event2"
[103813.265] (**) Option "_source" "server/udev"
[103813.265] (II) event2  - VirtualPS/2 VMware VMMouse: is tagged by udev as: Mouse
[103813.265] (II) event2  - VirtualPS/2 VMware VMMouse: device is a pointer
[103813.265] (II) event2  - VirtualPS/2 VMware VMMouse: device removed
[103813.265] (**) Option "config_info" "udev:/sys/devices/platform/i8042/serio1/input/input4/event2"
[103813.265] (II) XINPUT: Adding extended input device "VirtualPS/2 VMware VMMouse" (type: MOUSE, id 10)
[103813.265] (**) Option "AccelerationScheme" "none"
[103813.265] (**) VirtualPS/2 VMware VMMouse: (accel) selected scheme none/0
[103813.265] (**) VirtualPS/2 VMware VMMouse: (accel) acceleration factor: 2.000
[103813.265] (**) VirtualPS/2 VMware VMMouse: (accel) acceleration threshold: 4
[103813.266] (II) event2  - VirtualPS/2 VMware VMMouse: is tagged by udev as: Mouse
[103813.266] (II) event2  - VirtualPS/2 VMware VMMouse: device is a pointer
[103813.266] (II) config/udev: Adding input device VirtualPS/2 VMware VMMouse (/dev/input/mouse0)
[103813.266] (II) No input driver specified, ignoring this device.
[103813.266] (II) This device may have been added with another device file.
[103825.055] (EE) client bug: timer event2 debounce short: offset negative (-6ms)
[103826.196] (**) Option "fd" "24"
[103826.196] (II) event0  - Power Button: device removed
[103826.196] (**) Option "fd" "27"
[103826.196] (II) event4  - VMware VMware Virtual USB Mouse: device removed
[103826.196] (**) Option "fd" "28"
[103826.196] (II) event1  - AT Translated Set 2 keyboard: device removed
[103826.196] (**) Option "fd" "29"
[103826.196] (II) event3  - VirtualPS/2 VMware VMMouse: device removed
[103826.218] (**) Option "fd" "30"
[103826.219] (II) event2  - VirtualPS/2 VMware VMMouse: device removed
[103826.274] (II) UnloadModule: "libinput"
[103826.274] (II) systemd-logind: releasing fd for 13:66
[103827.220] (II) UnloadModule: "libinput"
[103827.220] (II) systemd-logind: releasing fd for 13:67
[103827.254] (II) UnloadModule: "libinput"
[103827.254] (II) systemd-logind: releasing fd for 13:65
[103827.267] (II) UnloadModule: "libinput"
[103827.267] (II) systemd-logind: releasing fd for 13:68
[103827.739] (II) UnloadModule: "libinput"
[103827.739] (II) systemd-logind: releasing fd for 13:64
[103827.776] (WW) xf86CloseConsole: KDSETMODE failed: Input/output error
[103827.776] (WW) xf86CloseConsole: VT_GETMODE failed: Input/output error
[103827.776] (WW) xf86CloseConsole: VT_ACTIVATE failed: Input/output error
[103827.813] (II) Server terminated successfully (0). Closing log file.
