[    31.436] _XSERVTransSocketUNIXCreateListener: ...SocketCreateListener() failed
[    31.437] _XSERVTransMakeAllCOTSServerListeners: server already running
[    31.438] (--) Log file renamed from "/home/victor/.local/share/xorg/Xorg.pid-1870.log" to "/home/victor/.local/share/xorg/Xorg.1.log"
[    31.438] 
X.Org X Server 1.20.5
X Protocol Version 11, Revision 0
[    31.439] Build Operating System: Linux 4.4.0-170-generic x86_64 Ubuntu
[    31.439] Current Operating System: Linux ubuntu 5.3.0-46-generic #38~18.04.1-Ubuntu SMP Tue Mar 31 04:17:56 UTC 2020 x86_64
[    31.439] Kernel command line: BOOT_IMAGE=/boot/vmlinuz-5.3.0-46-generic root=UUID=9d418a0e-47b9-441f-9068-8734f9cf48cf ro find_preseed=/preseed.cfg auto noprompt priority=critical locale=en_US quiet
[    31.439] Build Date: 18 December 2019  08:15:29AM
[    31.439] xorg-server-hwe-18.04 2:1.20.5+git20191008-0ubuntu1~18.04.1 (For technical support please see http://www.ubuntu.com/support) 
[    31.440] Current version of pixman: 0.34.0
[    31.440] 	Before reporting problems, check http://wiki.x.org
	to make sure that you have the latest version.
[    31.440] Markers: (--) probed, (**) from config file, (==) default setting,
	(++) from command line, (!!) notice, (II) informational,
	(WW) warning, (EE) error, (NI) not implemented, (??) unknown.
[    31.441] (==) Log file: "/home/victor/.local/share/xorg/Xorg.1.log", Time: Mon Apr 27 16:57:01 2020
[    31.441] (==) Using system config directory "/usr/share/X11/xorg.conf.d"
[    31.441] (==) No Layout section.  Using the first Screen section.
[    31.442] (==) No screen section available. Using defaults.
[    31.442] (**) |-->Screen "Default Screen Section" (0)
[    31.442] (**) |   |-->Monitor "<default monitor>"
[    31.442] (==) No monitor specified for screen "Default Screen Section".
	Using a default monitor configuration.
[    31.442] (==) Automatically adding devices
[    31.442] (==) Automatically enabling devices
[    31.442] (==) Automatically adding GPU devices
[    31.442] (==) Automatically binding GPU devices
[    31.442] (==) Max clients allowed: 256, resource mask: 0x1fffff
[    31.442] (WW) The directory "/usr/share/fonts/X11/cyrillic" does not exist.
[    31.442] 	Entry deleted from font path.
[    31.442] (WW) The directory "/usr/share/fonts/X11/100dpi/" does not exist.
[    31.442] 	Entry deleted from font path.
[    31.442] (WW) The directory "/usr/share/fonts/X11/75dpi/" does not exist.
[    31.442] 	Entry deleted from font path.
[    31.442] (WW) The directory "/usr/share/fonts/X11/100dpi" does not exist.
[    31.442] 	Entry deleted from font path.
[    31.442] (WW) The directory "/usr/share/fonts/X11/75dpi" does not exist.
[    31.442] 	Entry deleted from font path.
[    31.442] (==) FontPath set to:
	/usr/share/fonts/X11/misc,
	/usr/share/fonts/X11/Type1,
	built-ins
[    31.442] (==) ModulePath set to "/usr/lib/xorg/modules"
[    31.442] (II) The server relies on udev to provide the list of input devices.
	If no devices become available, reconfigure udev or disable AutoAddDevices.
[    31.442] (II) Loader magic: 0x5567d11b3020
[    31.442] (II) Module ABI versions:
[    31.442] 	X.Org ANSI C Emulation: 0.4
[    31.442] 	X.Org Video Driver: 24.0
[    31.442] 	X.Org XInput driver : 24.1
[    31.442] 	X.Org Server Extension : 10.0
[    31.446] (++) using VT number 2

[    31.448] (II) systemd-logind: took control of session /org/freedesktop/login1/session/_33
[    31.449] (II) xfree86: Adding drm device (/dev/dri/card0)
[    31.450] (II) systemd-logind: got fd for /dev/dri/card0 226:0 fd 13 paused 0
[    31.460] (--) PCI:*(0@0:15:0) 15ad:0405:15ad:0405 rev 0, Mem @ 0xe8000000/134217728, 0xfe000000/8388608, I/O @ 0x00001070/16, BIOS @ 0x????????/131072
[    31.460] (II) LoadModule: "glx"
[    31.460] (II) Loading /usr/lib/xorg/modules/extensions/libglx.so
[    31.463] (II) Module glx: vendor="X.Org Foundation"
[    31.463] 	compiled for 1.20.5, module version = 1.0.0
[    31.464] 	ABI class: X.Org Server Extension, version 10.0
[    31.464] (==) Matched vmware as autoconfigured driver 0
[    31.464] (==) Matched modesetting as autoconfigured driver 1
[    31.464] (==) Matched fbdev as autoconfigured driver 2
[    31.464] (==) Matched vesa as autoconfigured driver 3
[    31.464] (==) Assigned the driver to the xf86ConfigLayout
[    31.464] (II) LoadModule: "vmware"
[    31.465] (II) Loading /usr/lib/xorg/modules/drivers/vmware_drv.so
[    31.484] (II) Module vmware: vendor="X.Org Foundation"
[    31.484] 	compiled for 1.20.1, module version = 13.3.0
[    31.484] 	Module class: X.Org Video Driver
[    31.484] 	ABI class: X.Org Video Driver, version 24.0
[    31.484] (II) LoadModule: "modesetting"
[    31.485] (II) Loading /usr/lib/xorg/modules/drivers/modesetting_drv.so
[    31.485] (II) Module modesetting: vendor="X.Org Foundation"
[    31.485] 	compiled for 1.20.5, module version = 1.20.5
[    31.485] 	Module class: X.Org Video Driver
[    31.485] 	ABI class: X.Org Video Driver, version 24.0
[    31.485] (II) LoadModule: "fbdev"
[    31.486] (II) Loading /usr/lib/xorg/modules/drivers/fbdev_drv.so
[    31.486] (II) Module fbdev: vendor="X.Org Foundation"
[    31.486] 	compiled for 1.20.1, module version = 0.5.0
[    31.486] 	Module class: X.Org Video Driver
[    31.486] 	ABI class: X.Org Video Driver, version 24.0
[    31.486] (II) LoadModule: "vesa"
[    31.487] (II) Loading /usr/lib/xorg/modules/drivers/vesa_drv.so
[    31.487] (II) Module vesa: vendor="X.Org Foundation"
[    31.487] 	compiled for 1.20.1, module version = 2.4.0
[    31.487] 	Module class: X.Org Video Driver
[    31.487] 	ABI class: X.Org Video Driver, version 24.0
[    31.487] (II) vmware: driver for VMware SVGA: vmware0405, vmware0710
[    31.488] (II) modesetting: Driver for Modesetting Kernel Drivers: kms
[    31.488] (II) FBDEV: driver for framebuffer: fbdev
[    31.488] (II) VESA: driver for VESA chipsets: vesa
[    31.488] xf86EnableIOPorts: failed to set IOPL for I/O (Operation not permitted)
[    31.488] (WW) Falling back to old probe method for modesetting
[    31.488] (WW) Falling back to old probe method for fbdev
[    31.488] (II) Loading sub module "fbdevhw"
[    31.488] (II) LoadModule: "fbdevhw"
[    31.489] (II) Loading /usr/lib/xorg/modules/libfbdevhw.so
[    31.489] (II) Module fbdevhw: vendor="X.Org Foundation"
[    31.489] 	compiled for 1.20.5, module version = 0.0.2
[    31.489] 	ABI class: X.Org Video Driver, version 24.0
[    31.489] (EE) open /dev/fb0: Permission denied
[    31.489] (WW) VGA arbiter: cannot open kernel arbiter, no multi-card support
[    31.489] (II) vmware(0): Creating default Display subsection in Screen section
	"Default Screen Section" for depth/fbbpp 24/32
[    31.489] (--) vmware(0): DRM driver version is 2.15.0
[    31.489] (==) vmware(0): Depth 24, (--) framebuffer bpp 32
[    31.489] (==) vmware(0): RGB weight 888
[    31.489] (==) vmware(0): Default visual is TrueColor
[    31.489] (--) vmware(0): Min width 1, Max Width 8192.
[    31.489] (--) vmware(0): Min height 1, Max Height 8192.
[    31.489] (II) vmware(0): Output Virtual1 has no monitor section
[    31.489] (II) vmware(0): Output Virtual2 has no monitor section
[    31.489] (II) vmware(0): Output Virtual3 has no monitor section
[    31.489] (II) vmware(0): Output Virtual4 has no monitor section
[    31.489] (II) vmware(0): Output Virtual5 has no monitor section
[    31.489] (II) vmware(0): Output Virtual6 has no monitor section
[    31.489] (II) vmware(0): Output Virtual7 has no monitor section
[    31.489] (II) vmware(0): Output Virtual8 has no monitor section
[    31.489] (II) vmware(0): Printing probed modes for output Virtual1
[    31.489] (II) vmware(0): Modeline "1274x614"x60.0   65.27  1274 1324 1374 1424  614 664 714 764 -hsync +vsync (45.8 kHz eP)
[    31.489] (II) vmware(0): Modeline "2560x1600"x60.0  348.50  2560 2752 3032 3504  1600 1603 1609 1658 -hsync +vsync (99.5 kHz e)
[    31.489] (II) vmware(0): Modeline "1920x1440"x60.0  234.00  1920 2048 2256 2600  1440 1441 1444 1500 -hsync +vsync (90.0 kHz e)
[    31.489] (II) vmware(0): Modeline "1856x1392"x60.0  218.25  1856 1952 2176 2528  1392 1393 1396 1439 -hsync +vsync (86.3 kHz e)
[    31.489] (II) vmware(0): Modeline "1792x1344"x60.0  204.75  1792 1920 2120 2448  1344 1345 1348 1394 -hsync +vsync (83.6 kHz e)
[    31.489] (II) vmware(0): Modeline "1920x1200"x59.9  193.25  1920 2056 2256 2592  1200 1203 1209 1245 -hsync +vsync (74.6 kHz e)
[    31.489] (II) vmware(0): Modeline "1600x1200"x60.0  162.00  1600 1664 1856 2160  1200 1201 1204 1250 +hsync +vsync (75.0 kHz e)
[    31.489] (II) vmware(0): Modeline "1680x1050"x60.0  146.25  1680 1784 1960 2240  1050 1053 1059 1089 -hsync +vsync (65.3 kHz e)
[    31.489] (II) vmware(0): Modeline "1400x1050"x60.0  121.75  1400 1488 1632 1864  1050 1053 1057 1089 -hsync +vsync (65.3 kHz e)
[    31.489] (II) vmware(0): Modeline "1280x1024"x60.0  108.00  1280 1328 1440 1688  1024 1025 1028 1066 +hsync +vsync (64.0 kHz e)
[    31.489] (II) vmware(0): Modeline "1440x900"x59.9  106.50  1440 1520 1672 1904  900 903 909 934 -hsync +vsync (55.9 kHz e)
[    31.489] (II) vmware(0): Modeline "1280x960"x60.0  108.00  1280 1376 1488 1800  960 961 964 1000 +hsync +vsync (60.0 kHz e)
[    31.489] (II) vmware(0): Modeline "1360x768"x60.0   85.50  1360 1424 1536 1792  768 771 777 795 +hsync +vsync (47.7 kHz e)
[    31.489] (II) vmware(0): Modeline "1280x800"x59.8   83.50  1280 1352 1480 1680  800 803 809 831 +hsync -vsync (49.7 kHz e)
[    31.489] (II) vmware(0): Modeline "1152x864"x75.0  108.00  1152 1216 1344 1600  864 865 868 900 +hsync +vsync (67.5 kHz e)
[    31.489] (II) vmware(0): Modeline "1280x768"x59.9   79.50  1280 1344 1472 1664  768 771 778 798 -hsync +vsync (47.8 kHz e)
[    31.489] (II) vmware(0): Modeline "1024x768"x60.0   65.00  1024 1048 1184 1344  768 771 777 806 -hsync -vsync (48.4 kHz e)
[    31.489] (II) vmware(0): Modeline "800x600"x60.3   40.00  800 840 968 1056  600 601 605 628 +hsync +vsync (37.9 kHz e)
[    31.489] (II) vmware(0): Modeline "640x480"x59.9   25.18  640 656 752 800  480 489 492 525 -hsync -vsync (31.5 kHz e)
[    31.493] (II) vmware(0): EDID for output Virtual2
[    31.493] (II) vmware(0): EDID for output Virtual3
[    31.493] (II) vmware(0): EDID for output Virtual4
[    31.493] (II) vmware(0): EDID for output Virtual5
[    31.493] (II) vmware(0): EDID for output Virtual6
[    31.493] (II) vmware(0): EDID for output Virtual7
[    31.493] (II) vmware(0): EDID for output Virtual8
[    31.493] (II) vmware(0): Output Virtual1 connected
[    31.493] (II) vmware(0): Output Virtual2 disconnected
[    31.493] (II) vmware(0): Output Virtual3 disconnected
[    31.493] (II) vmware(0): Output Virtual4 disconnected
[    31.493] (II) vmware(0): Output Virtual5 disconnected
[    31.493] (II) vmware(0): Output Virtual6 disconnected
[    31.493] (II) vmware(0): Output Virtual7 disconnected
[    31.493] (II) vmware(0): Output Virtual8 disconnected
[    31.493] (II) vmware(0): Using exact sizes for initial modes
[    31.493] (II) vmware(0): Output Virtual1 using initial mode 1274x614 +0+0
[    31.493] (==) vmware(0): DPI set to (96, 96)
[    31.493] (==) vmware(0): Using gamma correction (1.0, 1.0, 1.0)
[    31.493] (II) Loading sub module "fb"
[    31.493] (II) LoadModule: "fb"
[    31.493] (II) Loading /usr/lib/xorg/modules/libfb.so
[    31.493] (II) Module fb: vendor="X.Org Foundation"
[    31.493] 	compiled for 1.20.5, module version = 1.0.0
[    31.493] 	ABI class: X.Org ANSI C Emulation, version 0.4
[    31.493] (II) Loading sub module "dri2"
[    31.493] (II) LoadModule: "dri2"
[    31.493] (II) Module "dri2" already built-in
[    31.493] (II) Loading sub module "dri3"
[    31.493] (II) LoadModule: "dri3"
[    31.493] (II) Module "dri3" already built-in
[    31.493] (II) UnloadModule: "modesetting"
[    31.493] (II) Unloading modesetting
[    31.493] (II) UnloadModule: "fbdev"
[    31.493] (II) Unloading fbdev
[    31.493] (II) UnloadSubModule: "fbdevhw"
[    31.493] (II) Unloading fbdevhw
[    31.494] (II) UnloadModule: "vesa"
[    31.494] (II) Unloading vesa
[    31.494] (II) vmware(0): Initialized VMWARE_CTRL extension version 0.2
[    31.513] (II) vmware(0): Gallium3D XA version: 2.5.0.
[    31.513] (II) vmware(0): Path of drm device is "/dev/dri/card0".
[    31.513] (II) vmware(0): [DRI2] Setup complete
[    31.513] (II) vmware(0): [DRI2]   DRI driver: vmwgfx
[    31.928] (--) vmware(0): Render acceleration is enabled.
[    31.928] (==) vmware(0): Rendercheck mode is disabled.
[    31.928] (--) vmware(0): Direct rendering (DRI2 3D) is enabled.
[    31.928] (--) vmware(0): Direct rendering (DRI3 3D) is enabled.
[    31.929] (==) vmware(0): Direct presents are disabled.
[    31.929] (==) vmware(0): Hardware only presents are automatic per scanout.
[    31.929] (==) vmware(0): Backing store enabled
[    31.929] (==) vmware(0): Silken mouse enabled
[    31.930] (==) vmware(0): DPMS enabled
[    31.930] (II) Initializing extension Generic Event Extension
[    31.930] (II) Initializing extension SHAPE
[    31.931] (II) Initializing extension MIT-SHM
[    31.931] (II) Initializing extension XInputExtension
[    31.931] (II) Initializing extension XTEST
[    31.932] (II) Initializing extension BIG-REQUESTS
[    31.932] (II) Initializing extension SYNC
[    31.932] (II) Initializing extension XKEYBOARD
[    31.932] (II) Initializing extension XC-MISC
[    31.933] (II) Initializing extension SECURITY
[    31.933] (II) Initializing extension XFIXES
[    31.933] (II) Initializing extension RENDER
[    31.933] (II) Initializing extension RANDR
[    31.934] (II) Initializing extension COMPOSITE
[    31.934] (II) Initializing extension DAMAGE
[    31.934] (II) Initializing extension MIT-SCREEN-SAVER
[    31.934] (II) Initializing extension DOUBLE-BUFFER
[    31.935] (II) Initializing extension RECORD
[    31.935] (II) Initializing extension DPMS
[    31.935] (II) Initializing extension Present
[    31.936] (II) Initializing extension DRI3
[    31.936] (II) Initializing extension X-Resource
[    31.936] (II) Initializing extension XVideo
[    31.937] (II) Initializing extension XVideo-MotionCompensation
[    31.937] (II) Initializing extension SELinux
[    31.937] (II) SELinux: Disabled on system
[    31.937] (II) Initializing extension GLX
[    31.952] (II) AIGLX: Loaded and initialized vmwgfx
[    31.952] (II) GLX: Initialized DRI2 GL provider for screen 0
[    31.952] (II) Initializing extension XFree86-VidModeExtension
[    31.953] (II) Initializing extension XFree86-DGA
[    31.953] (II) Initializing extension XFree86-DRI
[    31.953] (II) Initializing extension DRI2
[    31.957] (II) vmware(0): Setting screen physical size to 337 x 162
[    32.001] (II) config/udev: Adding input device Power Button (/dev/input/event0)
[    32.002] (**) Power Button: Applying InputClass "libinput keyboard catchall"
[    32.002] (II) LoadModule: "libinput"
[    32.002] (II) Loading /usr/lib/xorg/modules/input/libinput_drv.so
[    32.004] (II) Module libinput: vendor="X.Org Foundation"
[    32.004] 	compiled for 1.20.1, module version = 0.28.1
[    32.004] 	Module class: X.Org XInput Driver
[    32.004] 	ABI class: X.Org XInput driver, version 24.1
[    32.004] (II) Using input driver 'libinput' for 'Power Button'
[    32.008] (II) systemd-logind: got fd for /dev/input/event0 13:64 fd 25 paused 0
[    32.008] (**) Power Button: always reports core events
[    32.008] (**) Option "Device" "/dev/input/event0"
[    32.008] (**) Option "_source" "server/udev"
[    32.009] (II) event0  - Power Button: is tagged by udev as: Keyboard
[    32.009] (II) event0  - Power Button: device is a keyboard
[    32.009] (II) event0  - Power Button: device removed
[    32.009] (**) Option "config_info" "udev:/sys/devices/LNXSYSTM:00/LNXPWRBN:00/input/input0/event0"
[    32.009] (II) XINPUT: Adding extended input device "Power Button" (type: KEYBOARD, id 6)
[    32.009] (**) Option "xkb_model" "SKIP"
[    32.009] (**) Option "xkb_layout" "us"
[    32.030] (II) event0  - Power Button: is tagged by udev as: Keyboard
[    32.030] (II) event0  - Power Button: device is a keyboard
[    32.032] (II) config/udev: Adding input device VMware VMware Virtual USB Mouse (/dev/input/event4)
[    32.032] (**) VMware VMware Virtual USB Mouse: Applying InputClass "libinput pointer catchall"
[    32.032] (II) Using input driver 'libinput' for 'VMware VMware Virtual USB Mouse'
[    32.036] (II) systemd-logind: got fd for /dev/input/event4 13:68 fd 28 paused 0
[    32.036] (**) VMware VMware Virtual USB Mouse: always reports core events
[    32.036] (**) Option "Device" "/dev/input/event4"
[    32.036] (**) Option "_source" "server/udev"
[    32.037] (II) event4  - VMware VMware Virtual USB Mouse: is tagged by udev as: Mouse
[    32.037] (II) event4  - VMware VMware Virtual USB Mouse: device is a pointer
[    32.037] (II) event4  - VMware VMware Virtual USB Mouse: device removed
[    32.037] (**) Option "config_info" "udev:/sys/devices/pci0000:00/0000:00:11.0/0000:02:00.0/usb2/2-1/2-1:1.0/0003:0E0F:0003.0001/input/input5/event4"
[    32.038] (II) XINPUT: Adding extended input device "VMware VMware Virtual USB Mouse" (type: MOUSE, id 7)
[    32.038] (**) Option "AccelerationScheme" "none"
[    32.038] (**) VMware VMware Virtual USB Mouse: (accel) selected scheme none/0
[    32.038] (**) VMware VMware Virtual USB Mouse: (accel) acceleration factor: 2.000
[    32.038] (**) VMware VMware Virtual USB Mouse: (accel) acceleration threshold: 4
[    32.039] (II) event4  - VMware VMware Virtual USB Mouse: is tagged by udev as: Mouse
[    32.039] (II) event4  - VMware VMware Virtual USB Mouse: device is a pointer
[    32.039] (II) config/udev: Adding input device VMware VMware Virtual USB Mouse (/dev/input/mouse2)
[    32.039] (II) No input driver specified, ignoring this device.
[    32.039] (II) This device may have been added with another device file.
[    32.040] (II) config/udev: Adding input device AT Translated Set 2 keyboard (/dev/input/event1)
[    32.040] (**) AT Translated Set 2 keyboard: Applying InputClass "libinput keyboard catchall"
[    32.040] (II) Using input driver 'libinput' for 'AT Translated Set 2 keyboard'
[    32.044] (II) systemd-logind: got fd for /dev/input/event1 13:65 fd 29 paused 0
[    32.044] (**) AT Translated Set 2 keyboard: always reports core events
[    32.044] (**) Option "Device" "/dev/input/event1"
[    32.044] (**) Option "_source" "server/udev"
[    32.044] (II) event1  - AT Translated Set 2 keyboard: is tagged by udev as: Keyboard
[    32.044] (II) event1  - AT Translated Set 2 keyboard: device is a keyboard
[    32.044] (II) event1  - AT Translated Set 2 keyboard: device removed
[    32.044] (**) Option "config_info" "udev:/sys/devices/platform/i8042/serio0/input/input1/event1"
[    32.044] (II) XINPUT: Adding extended input device "AT Translated Set 2 keyboard" (type: KEYBOARD, id 8)
[    32.044] (**) Option "xkb_model" "SKIP"
[    32.044] (**) Option "xkb_layout" "us"
[    32.045] (II) event1  - AT Translated Set 2 keyboard: is tagged by udev as: Keyboard
[    32.045] (II) event1  - AT Translated Set 2 keyboard: device is a keyboard
[    32.047] (II) config/udev: Adding input device VirtualPS/2 VMware VMMouse (/dev/input/event3)
[    32.047] (**) VirtualPS/2 VMware VMMouse: Applying InputClass "libinput pointer catchall"
[    32.047] (II) Using input driver 'libinput' for 'VirtualPS/2 VMware VMMouse'
[    32.049] (II) systemd-logind: got fd for /dev/input/event3 13:67 fd 30 paused 0
[    32.049] (**) VirtualPS/2 VMware VMMouse: always reports core events
[    32.049] (**) Option "Device" "/dev/input/event3"
[    32.049] (**) Option "_source" "server/udev"
[    32.049] (II) event3  - VirtualPS/2 VMware VMMouse: is tagged by udev as: Mouse
[    32.049] (II) event3  - VirtualPS/2 VMware VMMouse: device is a pointer
[    32.049] (II) event3  - VirtualPS/2 VMware VMMouse: device removed
[    32.049] (**) Option "config_info" "udev:/sys/devices/platform/i8042/serio1/input/input3/event3"
[    32.049] (II) XINPUT: Adding extended input device "VirtualPS/2 VMware VMMouse" (type: MOUSE, id 9)
[    32.049] (**) Option "AccelerationScheme" "none"
[    32.049] (**) VirtualPS/2 VMware VMMouse: (accel) selected scheme none/0
[    32.049] (**) VirtualPS/2 VMware VMMouse: (accel) acceleration factor: 2.000
[    32.049] (**) VirtualPS/2 VMware VMMouse: (accel) acceleration threshold: 4
[    32.050] (II) event3  - VirtualPS/2 VMware VMMouse: is tagged by udev as: Mouse
[    32.050] (II) event3  - VirtualPS/2 VMware VMMouse: device is a pointer
[    32.050] (II) config/udev: Adding input device VirtualPS/2 VMware VMMouse (/dev/input/mouse1)
[    32.050] (II) No input driver specified, ignoring this device.
[    32.050] (II) This device may have been added with another device file.
[    32.051] (II) config/udev: Adding input device VirtualPS/2 VMware VMMouse (/dev/input/event2)
[    32.051] (**) VirtualPS/2 VMware VMMouse: Applying InputClass "libinput pointer catchall"
[    32.051] (II) Using input driver 'libinput' for 'VirtualPS/2 VMware VMMouse'
[    32.055] (II) systemd-logind: got fd for /dev/input/event2 13:66 fd 31 paused 0
[    32.055] (**) VirtualPS/2 VMware VMMouse: always reports core events
[    32.055] (**) Option "Device" "/dev/input/event2"
[    32.055] (**) Option "_source" "server/udev"
[    32.056] (II) event2  - VirtualPS/2 VMware VMMouse: is tagged by udev as: Mouse
[    32.056] (II) event2  - VirtualPS/2 VMware VMMouse: device is a pointer
[    32.056] (II) event2  - VirtualPS/2 VMware VMMouse: device removed
[    32.056] (**) Option "config_info" "udev:/sys/devices/platform/i8042/serio1/input/input4/event2"
[    32.056] (II) XINPUT: Adding extended input device "VirtualPS/2 VMware VMMouse" (type: MOUSE, id 10)
[    32.056] (**) Option "AccelerationScheme" "none"
[    32.056] (**) VirtualPS/2 VMware VMMouse: (accel) selected scheme none/0
[    32.056] (**) VirtualPS/2 VMware VMMouse: (accel) acceleration factor: 2.000
[    32.056] (**) VirtualPS/2 VMware VMMouse: (accel) acceleration threshold: 4
[    32.056] (II) event2  - VirtualPS/2 VMware VMMouse: is tagged by udev as: Mouse
[    32.056] (II) event2  - VirtualPS/2 VMware VMMouse: device is a pointer
[    32.057] (II) config/udev: Adding input device VirtualPS/2 VMware VMMouse (/dev/input/mouse0)
[    32.057] (II) No input driver specified, ignoring this device.
[    32.057] (II) This device may have been added with another device file.
